<?xml version="1.0" encoding="UTF-8"?>
<testng-results ignored="0" total="1" passed="1" failed="0" skipped="0">
  <reporter-output>
  </reporter-output>
  <suite started-at="2024-05-09T13:33:30 IST" name="Default suite" finished-at="2024-05-09T13:33:48 IST" duration-ms="17742">
    <groups>
    </groups>
    <test started-at="2024-05-09T13:33:30 IST" name="Default test" finished-at="2024-05-09T13:33:48 IST" duration-ms="17742">
      <class name="Testcases.State1TC">
        <test-method is-config="true" signature="report()[pri:0, instance:Testcases.State1TC@1d2adfbe]" started-at="2024-05-09T13:33:30 IST" name="report" finished-at="2024-05-09T13:33:30 IST" duration-ms="282" status="PASS">
          <reporter-output>
          </reporter-output>
        </test-method> <!-- report -->
        <test-method is-config="true" signature="main()[pri:0, instance:Testcases.State1TC@1d2adfbe]" started-at="2024-05-09T13:33:30 IST" name="main" finished-at="2024-05-09T13:33:35 IST" duration-ms="4315" status="PASS">
          <reporter-output>
          </reporter-output>
        </test-method> <!-- main -->
        <test-method signature="eventlist()[pri:1, instance:Testcases.State1TC@1d2adfbe]" started-at="2024-05-09T13:33:35 IST" name="eventlist" finished-at="2024-05-09T13:33:48 IST" duration-ms="13384" status="PASS">
          <reporter-output>
          </reporter-output>
        </test-method> <!-- eventlist -->
        <test-method is-config="true" signature="reportflush()[pri:0, instance:Testcases.State1TC@1d2adfbe]" started-at="2024-05-09T13:33:48 IST" name="reportflush" finished-at="2024-05-09T13:33:49 IST" duration-ms="306" status="PASS">
          <reporter-output>
          </reporter-output>
        </test-method> <!-- reportflush -->
      </class> <!-- Testcases.State1TC -->
    </test> <!-- Default test -->
  </suite> <!-- Default suite -->
</testng-results>
