<?xml version="1.0" encoding="UTF-8"?>
<testng-results ignored="0" total="1" passed="1" failed="0" skipped="0">
  <reporter-output>
  </reporter-output>
  <suite started-at="2024-05-13T12:31:36 IST" name="Default suite" finished-at="2024-05-13T12:32:07 IST" duration-ms="30645">
    <groups>
    </groups>
    <test started-at="2024-05-13T12:31:36 IST" name="Default test" finished-at="2024-05-13T12:32:07 IST" duration-ms="30645">
      <class name="Testcases.DocumentTypeTest">
        <test-method is-config="true" signature="report()[pri:0, instance:Testcases.DocumentTypeTest@4a067c25]" started-at="2024-05-13T12:31:35 IST" name="report" finished-at="2024-05-13T12:31:36 IST" duration-ms="609" status="PASS">
          <reporter-output>
          </reporter-output>
        </test-method> <!-- report -->
        <test-method is-config="true" signature="main()[pri:0, instance:Testcases.DocumentTypeTest@4a067c25]" started-at="2024-05-13T12:31:36 IST" name="main" finished-at="2024-05-13T12:31:46 IST" duration-ms="10001" status="PASS">
          <reporter-output>
          </reporter-output>
        </test-method> <!-- main -->
        <test-method signature="DocumentTypeTest()[pri:1, instance:Testcases.DocumentTypeTest@4a067c25]" started-at="2024-05-13T12:31:46 IST" name="DocumentTypeTest" finished-at="2024-05-13T12:32:06 IST" duration-ms="20417" status="PASS">
          <reporter-output>
          </reporter-output>
        </test-method> <!-- DocumentTypeTest -->
        <test-method is-config="true" signature="close()[pri:0, instance:Testcases.DocumentTypeTest@4a067c25]" started-at="2024-05-13T12:32:06 IST" name="close" finished-at="2024-05-13T12:32:07 IST" duration-ms="147" status="PASS">
          <reporter-output>
          </reporter-output>
        </test-method> <!-- close -->
        <test-method is-config="true" signature="reportflush()[pri:0, instance:Testcases.DocumentTypeTest@4a067c25]" started-at="2024-05-13T12:32:07 IST" name="reportflush" finished-at="2024-05-13T12:32:08 IST" duration-ms="1110" status="PASS">
          <reporter-output>
          </reporter-output>
        </test-method> <!-- reportflush -->
      </class> <!-- Testcases.DocumentTypeTest -->
    </test> <!-- Default test -->
  </suite> <!-- Default suite -->
</testng-results>
